Compiling the CXX compiler identification source file "CMakeCXXCompilerId.cpp" failed.
Compiler: g++.exe 
Build flags: 
Id flags: 

The output was:
El sistema no puede encontrar el archivo especificado


Compiling the CXX compiler identification source file "CMakeCXXCompilerId.cpp" failed.
Compiler: g++.exe 
Build flags: 
Id flags: -c

The output was:
El sistema no puede encontrar el archivo especificado


Determining if the CXX compiler works failed with the following output:


Compiling the CXX compiler identification source file "CMakeCXXCompilerId.cpp" failed.
Compiler: g++.exe 
Build flags: 
Id flags: 

The output was:
El sistema no puede encontrar el archivo especificado


Compiling the CXX compiler identification source file "CMakeCXXCompilerId.cpp" failed.
Compiler: g++.exe 
Build flags: 
Id flags: -c

The output was:
El sistema no puede encontrar el archivo especificado


Determining if the CXX compiler works failed with the following output:


Compiling the CXX compiler identification source file "CMakeCXXCompilerId.cpp" failed.
Compiler: g++.exe 
Build flags: 
Id flags: 

The output was:
El sistema no puede encontrar el archivo especificado


Compiling the CXX compiler identification source file "CMakeCXXCompilerId.cpp" failed.
Compiler: g++.exe 
Build flags: 
Id flags: -c

The output was:
El sistema no puede encontrar el archivo especificado


Determining if the CXX compiler works failed with the following output:


Compiling the CXX compiler identification source file "CMakeCXXCompilerId.cpp" failed.
Compiler: g++.exe 
Build flags: 
Id flags: 

The output was:
El sistema no puede encontrar el archivo especificado


Compiling the CXX compiler identification source file "CMakeCXXCompilerId.cpp" failed.
Compiler: g++.exe 
Build flags: 
Id flags: -c

The output was:
El sistema no puede encontrar el archivo especificado


Determining if the CXX compiler works failed with the following output:


Compiling the CXX compiler identification source file "CMakeCXXCompilerId.cpp" failed.
Compiler: g++.exe 
Build flags: 
Id flags: 

The output was:
El sistema no puede encontrar el archivo especificado


Compiling the CXX compiler identification source file "CMakeCXXCompilerId.cpp" failed.
Compiler: g++.exe 
Build flags: 
Id flags: -c

The output was:
El sistema no puede encontrar el archivo especificado


Determining if the CXX compiler works failed with the following output:


Compiling the CXX compiler identification source file "CMakeCXXCompilerId.cpp" failed.
Compiler: g++.exe 
Build flags: 
Id flags: 

The output was:
El sistema no puede encontrar el archivo especificado


Compiling the CXX compiler identification source file "CMakeCXXCompilerId.cpp" failed.
Compiler: g++.exe 
Build flags: 
Id flags: -c

The output was:
El sistema no puede encontrar el archivo especificado


Determining if the CXX compiler works failed with the following output:


Compiling the CXX compiler identification source file "CMakeCXXCompilerId.cpp" failed.
Compiler: g++.exe 
Build flags: 
Id flags: 

The output was:
El sistema no puede encontrar el archivo especificado


Compiling the CXX compiler identification source file "CMakeCXXCompilerId.cpp" failed.
Compiler: g++.exe 
Build flags: 
Id flags: -c

The output was:
El sistema no puede encontrar el archivo especificado


Determining if the CXX compiler works failed with the following output:


Compiling the CXX compiler identification source file "CMakeCXXCompilerId.cpp" failed.
Compiler: g++.exe 
Build flags: 
Id flags: 

The output was:
El sistema no puede encontrar el archivo especificado


Compiling the CXX compiler identification source file "CMakeCXXCompilerId.cpp" failed.
Compiler: g++.exe 
Build flags: 
Id flags: -c

The output was:
El sistema no puede encontrar el archivo especificado


Determining if the CXX compiler works failed with the following output:


Compiling the CXX compiler identification source file "CMakeCXXCompilerId.cpp" failed.
Compiler: g++.exe 
Build flags: 
Id flags: 

The output was:
El sistema no puede encontrar el archivo especificado


Compiling the CXX compiler identification source file "CMakeCXXCompilerId.cpp" failed.
Compiler: g++.exe 
Build flags: 
Id flags: -c

The output was:
El sistema no puede encontrar el archivo especificado


Determining if the CXX compiler works failed with the following output:


Compiling the CXX compiler identification source file "CMakeCXXCompilerId.cpp" failed.
Compiler: g++.exe 
Build flags: 
Id flags: 

The output was:
El sistema no puede encontrar el archivo especificado


Compiling the CXX compiler identification source file "CMakeCXXCompilerId.cpp" failed.
Compiler: g++.exe 
Build flags: 
Id flags: -c

The output was:
El sistema no puede encontrar el archivo especificado


Determining if the CXX compiler works failed with the following output:


Compiling the CXX compiler identification source file "CMakeCXXCompilerId.cpp" failed.
Compiler: g++.exe 
Build flags: 
Id flags: 

The output was:
El sistema no puede encontrar el archivo especificado


Compiling the CXX compiler identification source file "CMakeCXXCompilerId.cpp" failed.
Compiler: g++.exe 
Build flags: 
Id flags: -c

The output was:
El sistema no puede encontrar el archivo especificado


Determining if the CXX compiler works failed with the following output:


Compiling the CXX compiler identification source file "CMakeCXXCompilerId.cpp" failed.
Compiler: g++.exe 
Build flags: 
Id flags: 

The output was:
El sistema no puede encontrar el archivo especificado


Compiling the CXX compiler identification source file "CMakeCXXCompilerId.cpp" failed.
Compiler: g++.exe 
Build flags: 
Id flags: -c

The output was:
El sistema no puede encontrar el archivo especificado


Determining if the CXX compiler works failed with the following output:


